<?xml version="1.0" encoding="UTF-8"?>
<testng-results skipped="0" failed="1" total="6" passed="5">
  <reporter-output>
  </reporter-output>
  <suite name="Login Scenarios" duration-ms="125948" started-at="2022-06-26T15:21:39Z" finished-at="2022-06-26T15:23:45Z">
    <groups>
    </groups>
    <test name="Login Tests" duration-ms="125948" started-at="2022-06-26T15:21:39Z" finished-at="2022-06-26T15:23:45Z">
      <class name="mobile.android.testCases.AppTestcase">
        <test-method status="PASS" signature="initializeSetupInit(java.lang.String, java.lang.String, org.testng.ITestContext)[pri:0, instance:mobile.android.testCases.AppTestcase@2ea227af]" name="initializeSetupInit" is-config="true" duration-ms="12874" started-at="2022-06-26T20:51:39Z" finished-at="2022-06-26T20:51:52Z">
          <params>
            <param index="0">
              <value>
                <![CDATA[com.llamalab.automate_199_apps.evozi.com.apk]]>
              </value>
            </param>
            <param index="1">
              <value>
                <![CDATA[emulator-5556]]>
              </value>
            </param>
            <param index="2">
              <value>
                <![CDATA[org.testng.TestRunner@1e008f36]]>
              </value>
            </param>
          </params>
          <reporter-output>
          </reporter-output>
        </test-method> <!-- initializeSetupInit -->
        <test-method status="PASS" signature="beforeMethod()[pri:0, instance:mobile.android.testCases.AppTestcase@2ea227af]" name="beforeMethod" is-config="true" duration-ms="7" started-at="2022-06-26T20:51:52Z" finished-at="2022-06-26T20:51:52Z">
          <reporter-output>
          </reporter-output>
        </test-method> <!-- beforeMethod -->
        <test-method status="PASS" signature="test()[pri:0, instance:mobile.android.testCases.AppTestcase@2ea227af]" name="test" duration-ms="2940" started-at="2022-06-26T20:51:52Z" finished-at="2022-06-26T20:51:55Z">
          <reporter-output>
          </reporter-output>
        </test-method> <!-- test -->
        <test-method status="PASS" signature="tearDown(org.testng.ITestResult)[pri:0, instance:mobile.android.testCases.AppTestcase@2ea227af]" name="tearDown" is-config="true" duration-ms="854" started-at="2022-06-26T20:51:55Z" finished-at="2022-06-26T20:51:56Z">
          <params>
            <param index="0">
              <value>
                <![CDATA[[TestResult name=test status=SUCCESS method=AppTestcase.test()[pri:0, instance:mobile.android.testCases.AppTestcase@2ea227af] output={null}]]]>
              </value>
            </param>
          </params>
          <reporter-output>
          </reporter-output>
        </test-method> <!-- tearDown -->
        <test-method status="PASS" signature="initializeSetupInit(java.lang.String, java.lang.String, org.testng.ITestContext)[pri:0, instance:mobile.android.testCases.AppTestcase@2ea227af]" name="initializeSetupInit" is-config="true" duration-ms="11899" started-at="2022-06-26T20:51:56Z" finished-at="2022-06-26T20:52:08Z">
          <params>
            <param index="0">
              <value>
                <![CDATA[com.llamalab.automate_199_apps.evozi.com.apk]]>
              </value>
            </param>
            <param index="1">
              <value>
                <![CDATA[emulator-5556]]>
              </value>
            </param>
            <param index="2">
              <value>
                <![CDATA[org.testng.TestRunner@1e008f36]]>
              </value>
            </param>
          </params>
          <reporter-output>
          </reporter-output>
        </test-method> <!-- initializeSetupInit -->
        <test-method status="PASS" signature="sideMenuOption()[pri:1, instance:mobile.android.testCases.AppTestcase@2ea227af]" name="sideMenuOption" duration-ms="2771" started-at="2022-06-26T20:52:08Z" finished-at="2022-06-26T20:52:11Z">
          <reporter-output>
          </reporter-output>
        </test-method> <!-- sideMenuOption -->
        <test-method status="PASS" signature="beforeMethod()[pri:0, instance:mobile.android.testCases.AppTestcase@2ea227af]" name="beforeMethod" is-config="true" duration-ms="0" started-at="2022-06-26T20:52:08Z" finished-at="2022-06-26T20:52:08Z">
          <reporter-output>
          </reporter-output>
        </test-method> <!-- beforeMethod -->
        <test-method status="PASS" signature="tearDown(org.testng.ITestResult)[pri:0, instance:mobile.android.testCases.AppTestcase@2ea227af]" name="tearDown" is-config="true" duration-ms="820" started-at="2022-06-26T20:52:11Z" finished-at="2022-06-26T20:52:12Z">
          <params>
            <param index="0">
              <value>
                <![CDATA[[TestResult name=sideMenuOption status=SUCCESS method=AppTestcase.sideMenuOption()[pri:1, instance:mobile.android.testCases.AppTestcase@2ea227af] output={null}]]]>
              </value>
            </param>
          </params>
          <reporter-output>
          </reporter-output>
        </test-method> <!-- tearDown -->
        <test-method status="PASS" signature="initializeSetupInit(java.lang.String, java.lang.String, org.testng.ITestContext)[pri:0, instance:mobile.android.testCases.AppTestcase@2ea227af]" name="initializeSetupInit" is-config="true" duration-ms="11799" started-at="2022-06-26T20:52:12Z" finished-at="2022-06-26T20:52:24Z">
          <params>
            <param index="0">
              <value>
                <![CDATA[com.llamalab.automate_199_apps.evozi.com.apk]]>
              </value>
            </param>
            <param index="1">
              <value>
                <![CDATA[emulator-5556]]>
              </value>
            </param>
            <param index="2">
              <value>
                <![CDATA[org.testng.TestRunner@1e008f36]]>
              </value>
            </param>
          </params>
          <reporter-output>
          </reporter-output>
        </test-method> <!-- initializeSetupInit -->
        <test-method status="PASS" signature="beforeMethod()[pri:0, instance:mobile.android.testCases.AppTestcase@2ea227af]" name="beforeMethod" is-config="true" duration-ms="0" started-at="2022-06-26T20:52:24Z" finished-at="2022-06-26T20:52:24Z">
          <reporter-output>
          </reporter-output>
        </test-method> <!-- beforeMethod -->
        <test-method status="PASS" signature="contextValidation()[pri:2, instance:mobile.android.testCases.AppTestcase@2ea227af]" name="contextValidation" duration-ms="4353" started-at="2022-06-26T20:52:24Z" finished-at="2022-06-26T20:52:28Z">
          <reporter-output>
          </reporter-output>
        </test-method> <!-- contextValidation -->
        <test-method status="PASS" signature="tearDown(org.testng.ITestResult)[pri:0, instance:mobile.android.testCases.AppTestcase@2ea227af]" name="tearDown" is-config="true" duration-ms="964" started-at="2022-06-26T20:52:28Z" finished-at="2022-06-26T20:52:29Z">
          <params>
            <param index="0">
              <value>
                <![CDATA[[TestResult name=contextValidation status=SUCCESS method=AppTestcase.contextValidation()[pri:2, instance:mobile.android.testCases.AppTestcase@2ea227af] output={null}]]]>
              </value>
            </param>
          </params>
          <reporter-output>
          </reporter-output>
        </test-method> <!-- tearDown -->
        <test-method status="PASS" signature="initializeSetupInit(java.lang.String, java.lang.String, org.testng.ITestContext)[pri:0, instance:mobile.android.testCases.AppTestcase@2ea227af]" name="initializeSetupInit" is-config="true" duration-ms="11898" started-at="2022-06-26T20:52:29Z" finished-at="2022-06-26T20:52:41Z">
          <params>
            <param index="0">
              <value>
                <![CDATA[com.llamalab.automate_199_apps.evozi.com.apk]]>
              </value>
            </param>
            <param index="1">
              <value>
                <![CDATA[emulator-5556]]>
              </value>
            </param>
            <param index="2">
              <value>
                <![CDATA[org.testng.TestRunner@1e008f36]]>
              </value>
            </param>
          </params>
          <reporter-output>
          </reporter-output>
        </test-method> <!-- initializeSetupInit -->
        <test-method status="PASS" signature="themeValidation()[pri:3, instance:mobile.android.testCases.AppTestcase@2ea227af]" name="themeValidation" duration-ms="7837" started-at="2022-06-26T20:52:41Z" finished-at="2022-06-26T20:52:49Z">
          <reporter-output>
          </reporter-output>
        </test-method> <!-- themeValidation -->
        <test-method status="PASS" signature="beforeMethod()[pri:0, instance:mobile.android.testCases.AppTestcase@2ea227af]" name="beforeMethod" is-config="true" duration-ms="0" started-at="2022-06-26T20:52:41Z" finished-at="2022-06-26T20:52:41Z">
          <reporter-output>
          </reporter-output>
        </test-method> <!-- beforeMethod -->
        <test-method status="PASS" signature="tearDown(org.testng.ITestResult)[pri:0, instance:mobile.android.testCases.AppTestcase@2ea227af]" name="tearDown" is-config="true" duration-ms="721" started-at="2022-06-26T20:52:49Z" finished-at="2022-06-26T20:52:50Z">
          <params>
            <param index="0">
              <value>
                <![CDATA[[TestResult name=themeValidation status=SUCCESS method=AppTestcase.themeValidation()[pri:3, instance:mobile.android.testCases.AppTestcase@2ea227af] output={null}]]]>
              </value>
            </param>
          </params>
          <reporter-output>
          </reporter-output>
        </test-method> <!-- tearDown -->
        <test-method status="PASS" signature="initializeSetupInit(java.lang.String, java.lang.String, org.testng.ITestContext)[pri:0, instance:mobile.android.testCases.AppTestcase@2ea227af]" name="initializeSetupInit" is-config="true" duration-ms="11857" started-at="2022-06-26T20:52:50Z" finished-at="2022-06-26T20:53:01Z">
          <params>
            <param index="0">
              <value>
                <![CDATA[com.llamalab.automate_199_apps.evozi.com.apk]]>
              </value>
            </param>
            <param index="1">
              <value>
                <![CDATA[emulator-5556]]>
              </value>
            </param>
            <param index="2">
              <value>
                <![CDATA[org.testng.TestRunner@1e008f36]]>
              </value>
            </param>
          </params>
          <reporter-output>
          </reporter-output>
        </test-method> <!-- initializeSetupInit -->
        <test-method status="PASS" signature="beforeMethod()[pri:0, instance:mobile.android.testCases.AppTestcase@2ea227af]" name="beforeMethod" is-config="true" duration-ms="0" started-at="2022-06-26T20:53:01Z" finished-at="2022-06-26T20:53:01Z">
          <reporter-output>
          </reporter-output>
        </test-method> <!-- beforeMethod -->
        <test-method status="PASS" signature="versionValidation()[pri:4, instance:mobile.android.testCases.AppTestcase@2ea227af]" name="versionValidation" duration-ms="16608" started-at="2022-06-26T20:53:01Z" finished-at="2022-06-26T20:53:18Z">
          <reporter-output>
          </reporter-output>
        </test-method> <!-- versionValidation -->
        <test-method status="PASS" signature="tearDown(org.testng.ITestResult)[pri:0, instance:mobile.android.testCases.AppTestcase@2ea227af]" name="tearDown" is-config="true" duration-ms="746" started-at="2022-06-26T20:53:18Z" finished-at="2022-06-26T20:53:19Z">
          <params>
            <param index="0">
              <value>
                <![CDATA[[TestResult name=versionValidation status=SUCCESS method=AppTestcase.versionValidation()[pri:4, instance:mobile.android.testCases.AppTestcase@2ea227af] output={null}]]]>
              </value>
            </param>
          </params>
          <reporter-output>
          </reporter-output>
        </test-method> <!-- tearDown -->
        <test-method status="PASS" signature="initializeSetupInit(java.lang.String, java.lang.String, org.testng.ITestContext)[pri:0, instance:mobile.android.testCases.AppTestcase@2ea227af]" name="initializeSetupInit" is-config="true" duration-ms="11613" started-at="2022-06-26T20:53:19Z" finished-at="2022-06-26T20:53:30Z">
          <params>
            <param index="0">
              <value>
                <![CDATA[com.llamalab.automate_199_apps.evozi.com.apk]]>
              </value>
            </param>
            <param index="1">
              <value>
                <![CDATA[emulator-5556]]>
              </value>
            </param>
            <param index="2">
              <value>
                <![CDATA[org.testng.TestRunner@1e008f36]]>
              </value>
            </param>
          </params>
          <reporter-output>
          </reporter-output>
        </test-method> <!-- initializeSetupInit -->
        <test-method status="PASS" signature="beforeMethod()[pri:0, instance:mobile.android.testCases.AppTestcase@2ea227af]" name="beforeMethod" is-config="true" duration-ms="1" started-at="2022-06-26T20:53:30Z" finished-at="2022-06-26T20:53:30Z">
          <reporter-output>
          </reporter-output>
        </test-method> <!-- beforeMethod -->
        <test-method status="FAIL" signature="ScreenhotValidation()[pri:5, instance:mobile.android.testCases.AppTestcase@2ea227af]" name="ScreenhotValidation" duration-ms="13444" started-at="2022-06-26T20:53:30Z" finished-at="2022-06-26T20:53:44Z">
          <exception class="java.lang.AssertionError">
            <full-stacktrace>
              <![CDATA[java.lang.AssertionError
	at mobile.android.testCases.AppTestcase.ScreenhotValidation(AppTestcase.java:116)
	at sun.reflect.NativeMethodAccessorImpl.invoke0(Native Method)
	at sun.reflect.NativeMethodAccessorImpl.invoke(Unknown Source)
	at sun.reflect.DelegatingMethodAccessorImpl.invoke(Unknown Source)
	at java.lang.reflect.Method.invoke(Unknown Source)
	at org.testng.internal.MethodInvocationHelper.invokeMethod(MethodInvocationHelper.java:86)
	at org.testng.internal.Invoker.invokeMethod(Invoker.java:643)
	at org.testng.internal.Invoker.invokeTestMethod(Invoker.java:820)
	at org.testng.internal.Invoker.invokeTestMethods(Invoker.java:1128)
	at org.testng.internal.TestMethodWorker.invokeTestMethods(TestMethodWorker.java:129)
	at org.testng.internal.TestMethodWorker.run(TestMethodWorker.java:112)
	at org.testng.TestRunner.privateRun(TestRunner.java:782)
	at org.testng.TestRunner.run(TestRunner.java:632)
	at org.testng.SuiteRunner.runTest(SuiteRunner.java:366)
	at org.testng.SuiteRunner.runSequentially(SuiteRunner.java:361)
	at org.testng.SuiteRunner.privateRun(SuiteRunner.java:319)
	at org.testng.SuiteRunner.run(SuiteRunner.java:268)
	at org.testng.SuiteRunnerWorker.runSuite(SuiteRunnerWorker.java:52)
	at org.testng.SuiteRunnerWorker.run(SuiteRunnerWorker.java:86)
	at org.testng.TestNG.runSuitesSequentially(TestNG.java:1244)
	at org.testng.TestNG.runSuitesLocally(TestNG.java:1169)
	at org.testng.TestNG.run(TestNG.java:1064)
	at org.testng.remote.AbstractRemoteTestNG.run(AbstractRemoteTestNG.java:115)
	at org.testng.remote.RemoteTestNG.initAndRun(RemoteTestNG.java:251)
	at org.testng.remote.RemoteTestNG.main(RemoteTestNG.java:77)
]]>
            </full-stacktrace>
          </exception> <!-- java.lang.AssertionError -->
          <reporter-output>
          </reporter-output>
        </test-method> <!-- ScreenhotValidation -->
        <test-method status="PASS" signature="tearDown(org.testng.ITestResult)[pri:0, instance:mobile.android.testCases.AppTestcase@2ea227af]" name="tearDown" is-config="true" duration-ms="1190" started-at="2022-06-26T20:53:44Z" finished-at="2022-06-26T20:53:45Z">
          <params>
            <param index="0">
              <value>
                <![CDATA[[TestResult name=ScreenhotValidation status=FAILURE method=AppTestcase.ScreenhotValidation()[pri:5, instance:mobile.android.testCases.AppTestcase@2ea227af] output={null}]]]>
              </value>
            </param>
          </params>
          <reporter-output>
          </reporter-output>
        </test-method> <!-- tearDown -->
      </class> <!-- mobile.android.testCases.AppTestcase -->
    </test> <!-- Login Tests -->
  </suite> <!-- Login Scenarios -->
</testng-results>
